
2023/05/25 11:32:27 C:/Users/pan WIldcat/GolandProjects/Gin_Start/bootstrap/db.go:98
[error] failed to initialize database, got error Error 1049 (42000): Unknown database 'go-test'

2023/05/25 11:34:49 C:/Users/pan WIldcat/GolandProjects/Gin_Start/bootstrap/db.go:98
[error] failed to initialize database, got error Error 1049 (42000): Unknown database 'go-test'

2023/05/25 11:36:03 C:/Users/pan WIldcat/GolandProjects/Gin_Start/bootstrap/db.go:120
[0.000ms] [rows:-] SELECT DATABASE()

2023/05/25 11:36:03 C:/Users/pan WIldcat/GolandProjects/Gin_Start/bootstrap/db.go:120
[1.550ms] [rows:1] SELECT SCHEMA_NAME from Information_schema.SCHEMATA where SCHEMA_NAME LIKE 'go-test%' ORDER BY SCHEMA_NAME='go-test' DESC,SCHEMA_NAME limit 1

2023/05/25 11:36:03 C:/Users/pan WIldcat/GolandProjects/Gin_Start/bootstrap/db.go:120
[3.177ms] [rows:-] SELECT count(*) FROM information_schema.tables WHERE table_schema = 'go-test' AND table_name = 'users' AND table_type = 'BASE TABLE'

2023/05/25 11:36:03 C:/Users/pan WIldcat/GolandProjects/Gin_Start/bootstrap/db.go:120
[21.095ms] [rows:0] CREATE TABLE `users` (`id` bigint unsigned AUTO_INCREMENT,`name` varchar(191) NOT NULL COMMENT '用户名称',`password` varchar(191) NOT NULL COMMENT '用户密码',`mobile` varchar(191) NOT NULL COMMENT '用户手机号',`create_at` datetime NULL,`update_at` datetime NULL,`delete_at` datetime NULL,PRIMARY KEY (`id`),INDEX `idx_users_mobile` (`mobile`),INDEX `idx_users_delete_at` (`delete_at`))

2023/05/25 17:36:56 C:/Users/pan WIldcat/GolandProjects/Gin_Start/bootstrap/db.go:120
[0.504ms] [rows:-] SELECT DATABASE()

2023/05/25 17:36:56 C:/Users/pan WIldcat/GolandProjects/Gin_Start/bootstrap/db.go:120
[9.647ms] [rows:1] SELECT SCHEMA_NAME from Information_schema.SCHEMATA where SCHEMA_NAME LIKE 'go-test%' ORDER BY SCHEMA_NAME='go-test' DESC,SCHEMA_NAME limit 1

2023/05/25 17:36:56 C:/Users/pan WIldcat/GolandProjects/Gin_Start/bootstrap/db.go:120
[4.778ms] [rows:-] SELECT count(*) FROM information_schema.tables WHERE table_schema = 'go-test' AND table_name = 'users' AND table_type = 'BASE TABLE'

2023/05/25 17:36:56 C:/Users/pan WIldcat/GolandProjects/Gin_Start/bootstrap/db.go:120
[0.000ms] [rows:-] SELECT DATABASE()

2023/05/25 17:36:56 C:/Users/pan WIldcat/GolandProjects/Gin_Start/bootstrap/db.go:120
[0.000ms] [rows:1] SELECT SCHEMA_NAME from Information_schema.SCHEMATA where SCHEMA_NAME LIKE 'go-test%' ORDER BY SCHEMA_NAME='go-test' DESC,SCHEMA_NAME limit 1

2023/05/25 17:36:56 C:/Users/pan WIldcat/GolandProjects/Gin_Start/bootstrap/db.go:120
[3.506ms] [rows:-] SELECT * FROM `users` LIMIT 1

2023/05/25 17:36:56 C:/Users/pan WIldcat/GolandProjects/Gin_Start/bootstrap/db.go:120
[1.506ms] [rows:-] SELECT column_name, column_default, is_nullable = 'YES', data_type, character_maximum_length, column_type, column_key, extra, column_comment, numeric_precision, numeric_scale FROM information_schema.columns WHERE table_schema = 'go-test' AND table_name = 'users' ORDER BY ORDINAL_POSITION

2023/05/25 17:36:56 C:/Users/pan WIldcat/GolandProjects/Gin_Start/bootstrap/db.go:120
[0.000ms] [rows:-] SELECT DATABASE()

2023/05/25 17:36:56 C:/Users/pan WIldcat/GolandProjects/Gin_Start/bootstrap/db.go:120
[0.571ms] [rows:1] SELECT SCHEMA_NAME from Information_schema.SCHEMATA where SCHEMA_NAME LIKE 'go-test%' ORDER BY SCHEMA_NAME='go-test' DESC,SCHEMA_NAME limit 1

2023/05/25 17:36:56 C:/Users/pan WIldcat/GolandProjects/Gin_Start/bootstrap/db.go:120
[0.911ms] [rows:-] SELECT count(*) FROM information_schema.statistics WHERE table_schema = 'go-test' AND table_name = 'users' AND index_name = 'idx_users_mobile'

2023/05/25 17:36:56 C:/Users/pan WIldcat/GolandProjects/Gin_Start/bootstrap/db.go:120
[0.000ms] [rows:-] SELECT DATABASE()

2023/05/25 17:36:56 C:/Users/pan WIldcat/GolandProjects/Gin_Start/bootstrap/db.go:120
[0.503ms] [rows:1] SELECT SCHEMA_NAME from Information_schema.SCHEMATA where SCHEMA_NAME LIKE 'go-test%' ORDER BY SCHEMA_NAME='go-test' DESC,SCHEMA_NAME limit 1

2023/05/25 17:36:56 C:/Users/pan WIldcat/GolandProjects/Gin_Start/bootstrap/db.go:120
[0.000ms] [rows:-] SELECT count(*) FROM information_schema.statistics WHERE table_schema = 'go-test' AND table_name = 'users' AND index_name = 'idx_users_delete_at'

2023/05/25 17:39:54 C:/Users/pan WIldcat/GolandProjects/Gin_Start/bootstrap/db.go:120
[0.000ms] [rows:-] SELECT DATABASE()

2023/05/25 17:39:54 C:/Users/pan WIldcat/GolandProjects/Gin_Start/bootstrap/db.go:120
[1.134ms] [rows:1] SELECT SCHEMA_NAME from Information_schema.SCHEMATA where SCHEMA_NAME LIKE 'go-test%' ORDER BY SCHEMA_NAME='go-test' DESC,SCHEMA_NAME limit 1

2023/05/25 17:39:54 C:/Users/pan WIldcat/GolandProjects/Gin_Start/bootstrap/db.go:120
[0.524ms] [rows:-] SELECT count(*) FROM information_schema.tables WHERE table_schema = 'go-test' AND table_name = 'users' AND table_type = 'BASE TABLE'

2023/05/25 17:39:54 C:/Users/pan WIldcat/GolandProjects/Gin_Start/bootstrap/db.go:120
[0.000ms] [rows:-] SELECT DATABASE()

2023/05/25 17:39:54 C:/Users/pan WIldcat/GolandProjects/Gin_Start/bootstrap/db.go:120
[0.603ms] [rows:1] SELECT SCHEMA_NAME from Information_schema.SCHEMATA where SCHEMA_NAME LIKE 'go-test%' ORDER BY SCHEMA_NAME='go-test' DESC,SCHEMA_NAME limit 1

2023/05/25 17:39:54 C:/Users/pan WIldcat/GolandProjects/Gin_Start/bootstrap/db.go:120
[0.000ms] [rows:-] SELECT * FROM `users` LIMIT 1

2023/05/25 17:39:54 C:/Users/pan WIldcat/GolandProjects/Gin_Start/bootstrap/db.go:120
[0.609ms] [rows:-] SELECT column_name, column_default, is_nullable = 'YES', data_type, character_maximum_length, column_type, column_key, extra, column_comment, numeric_precision, numeric_scale FROM information_schema.columns WHERE table_schema = 'go-test' AND table_name = 'users' ORDER BY ORDINAL_POSITION

2023/05/25 17:39:54 C:/Users/pan WIldcat/GolandProjects/Gin_Start/bootstrap/db.go:120
[0.000ms] [rows:-] SELECT DATABASE()

2023/05/25 17:39:54 C:/Users/pan WIldcat/GolandProjects/Gin_Start/bootstrap/db.go:120
[0.511ms] [rows:1] SELECT SCHEMA_NAME from Information_schema.SCHEMATA where SCHEMA_NAME LIKE 'go-test%' ORDER BY SCHEMA_NAME='go-test' DESC,SCHEMA_NAME limit 1

2023/05/25 17:39:54 C:/Users/pan WIldcat/GolandProjects/Gin_Start/bootstrap/db.go:120
[0.502ms] [rows:-] SELECT count(*) FROM information_schema.statistics WHERE table_schema = 'go-test' AND table_name = 'users' AND index_name = 'idx_users_mobile'

2023/05/25 17:39:54 C:/Users/pan WIldcat/GolandProjects/Gin_Start/bootstrap/db.go:120
[0.000ms] [rows:-] SELECT DATABASE()

2023/05/25 17:39:54 C:/Users/pan WIldcat/GolandProjects/Gin_Start/bootstrap/db.go:120
[0.000ms] [rows:1] SELECT SCHEMA_NAME from Information_schema.SCHEMATA where SCHEMA_NAME LIKE 'go-test%' ORDER BY SCHEMA_NAME='go-test' DESC,SCHEMA_NAME limit 1

2023/05/25 17:39:54 C:/Users/pan WIldcat/GolandProjects/Gin_Start/bootstrap/db.go:120
[0.554ms] [rows:-] SELECT count(*) FROM information_schema.statistics WHERE table_schema = 'go-test' AND table_name = 'users' AND index_name = 'idx_users_delete_at'

2023/05/25 17:48:54 C:/Users/pan WIldcat/GolandProjects/Gin_Start/bootstrap/db.go:120
[0.000ms] [rows:-] SELECT DATABASE()

2023/05/25 17:48:54 C:/Users/pan WIldcat/GolandProjects/Gin_Start/bootstrap/db.go:120
[0.672ms] [rows:1] SELECT SCHEMA_NAME from Information_schema.SCHEMATA where SCHEMA_NAME LIKE 'go-test%' ORDER BY SCHEMA_NAME='go-test' DESC,SCHEMA_NAME limit 1

2023/05/25 17:48:54 C:/Users/pan WIldcat/GolandProjects/Gin_Start/bootstrap/db.go:120
[0.959ms] [rows:-] SELECT count(*) FROM information_schema.tables WHERE table_schema = 'go-test' AND table_name = 'users' AND table_type = 'BASE TABLE'

2023/05/25 17:48:54 C:/Users/pan WIldcat/GolandProjects/Gin_Start/bootstrap/db.go:120
[0.000ms] [rows:-] SELECT DATABASE()

2023/05/25 17:48:54 C:/Users/pan WIldcat/GolandProjects/Gin_Start/bootstrap/db.go:120
[0.000ms] [rows:1] SELECT SCHEMA_NAME from Information_schema.SCHEMATA where SCHEMA_NAME LIKE 'go-test%' ORDER BY SCHEMA_NAME='go-test' DESC,SCHEMA_NAME limit 1

2023/05/25 17:48:54 C:/Users/pan WIldcat/GolandProjects/Gin_Start/bootstrap/db.go:120
[0.632ms] [rows:-] SELECT * FROM `users` LIMIT 1

2023/05/25 17:48:54 C:/Users/pan WIldcat/GolandProjects/Gin_Start/bootstrap/db.go:120
[0.565ms] [rows:-] SELECT column_name, column_default, is_nullable = 'YES', data_type, character_maximum_length, column_type, column_key, extra, column_comment, numeric_precision, numeric_scale FROM information_schema.columns WHERE table_schema = 'go-test' AND table_name = 'users' ORDER BY ORDINAL_POSITION

2023/05/25 17:48:54 C:/Users/pan WIldcat/GolandProjects/Gin_Start/bootstrap/db.go:120
[0.000ms] [rows:-] SELECT DATABASE()

2023/05/25 17:48:54 C:/Users/pan WIldcat/GolandProjects/Gin_Start/bootstrap/db.go:120
[0.505ms] [rows:1] SELECT SCHEMA_NAME from Information_schema.SCHEMATA where SCHEMA_NAME LIKE 'go-test%' ORDER BY SCHEMA_NAME='go-test' DESC,SCHEMA_NAME limit 1

2023/05/25 17:48:54 C:/Users/pan WIldcat/GolandProjects/Gin_Start/bootstrap/db.go:120
[0.594ms] [rows:-] SELECT count(*) FROM information_schema.statistics WHERE table_schema = 'go-test' AND table_name = 'users' AND index_name = 'idx_users_mobile'

2023/05/25 17:48:54 C:/Users/pan WIldcat/GolandProjects/Gin_Start/bootstrap/db.go:120
[0.000ms] [rows:-] SELECT DATABASE()

2023/05/25 17:48:54 C:/Users/pan WIldcat/GolandProjects/Gin_Start/bootstrap/db.go:120
[0.240ms] [rows:1] SELECT SCHEMA_NAME from Information_schema.SCHEMATA where SCHEMA_NAME LIKE 'go-test%' ORDER BY SCHEMA_NAME='go-test' DESC,SCHEMA_NAME limit 1

2023/05/25 17:48:54 C:/Users/pan WIldcat/GolandProjects/Gin_Start/bootstrap/db.go:120
[0.593ms] [rows:-] SELECT count(*) FROM information_schema.statistics WHERE table_schema = 'go-test' AND table_name = 'users' AND index_name = 'idx_users_delete_at'

2023/05/25 17:53:41 C:/Users/pan WIldcat/GolandProjects/Gin_Start/bootstrap/db.go:120
[0.000ms] [rows:-] SELECT DATABASE()

2023/05/25 17:53:41 C:/Users/pan WIldcat/GolandProjects/Gin_Start/bootstrap/db.go:120
[0.821ms] [rows:1] SELECT SCHEMA_NAME from Information_schema.SCHEMATA where SCHEMA_NAME LIKE 'go-test%' ORDER BY SCHEMA_NAME='go-test' DESC,SCHEMA_NAME limit 1

2023/05/25 17:53:41 C:/Users/pan WIldcat/GolandProjects/Gin_Start/bootstrap/db.go:120
[0.876ms] [rows:-] SELECT count(*) FROM information_schema.tables WHERE table_schema = 'go-test' AND table_name = 'users' AND table_type = 'BASE TABLE'

2023/05/25 17:53:41 C:/Users/pan WIldcat/GolandProjects/Gin_Start/bootstrap/db.go:120
[0.000ms] [rows:-] SELECT DATABASE()

2023/05/25 17:53:41 C:/Users/pan WIldcat/GolandProjects/Gin_Start/bootstrap/db.go:120
[0.527ms] [rows:1] SELECT SCHEMA_NAME from Information_schema.SCHEMATA where SCHEMA_NAME LIKE 'go-test%' ORDER BY SCHEMA_NAME='go-test' DESC,SCHEMA_NAME limit 1

2023/05/25 17:53:41 C:/Users/pan WIldcat/GolandProjects/Gin_Start/bootstrap/db.go:120
[0.000ms] [rows:-] SELECT * FROM `users` LIMIT 1

2023/05/25 17:53:41 C:/Users/pan WIldcat/GolandProjects/Gin_Start/bootstrap/db.go:120
[0.513ms] [rows:-] SELECT column_name, column_default, is_nullable = 'YES', data_type, character_maximum_length, column_type, column_key, extra, column_comment, numeric_precision, numeric_scale FROM information_schema.columns WHERE table_schema = 'go-test' AND table_name = 'users' ORDER BY ORDINAL_POSITION

2023/05/25 17:53:41 C:/Users/pan WIldcat/GolandProjects/Gin_Start/bootstrap/db.go:120
[0.000ms] [rows:-] SELECT DATABASE()

2023/05/25 17:53:41 C:/Users/pan WIldcat/GolandProjects/Gin_Start/bootstrap/db.go:120
[1.020ms] [rows:1] SELECT SCHEMA_NAME from Information_schema.SCHEMATA where SCHEMA_NAME LIKE 'go-test%' ORDER BY SCHEMA_NAME='go-test' DESC,SCHEMA_NAME limit 1

2023/05/25 17:53:41 C:/Users/pan WIldcat/GolandProjects/Gin_Start/bootstrap/db.go:120
[0.755ms] [rows:-] SELECT count(*) FROM information_schema.statistics WHERE table_schema = 'go-test' AND table_name = 'users' AND index_name = 'idx_users_mobile'

2023/05/25 17:53:41 C:/Users/pan WIldcat/GolandProjects/Gin_Start/bootstrap/db.go:120
[0.000ms] [rows:-] SELECT DATABASE()

2023/05/25 17:53:41 C:/Users/pan WIldcat/GolandProjects/Gin_Start/bootstrap/db.go:120
[0.513ms] [rows:1] SELECT SCHEMA_NAME from Information_schema.SCHEMATA where SCHEMA_NAME LIKE 'go-test%' ORDER BY SCHEMA_NAME='go-test' DESC,SCHEMA_NAME limit 1

2023/05/25 17:53:41 C:/Users/pan WIldcat/GolandProjects/Gin_Start/bootstrap/db.go:120
[0.303ms] [rows:-] SELECT count(*) FROM information_schema.statistics WHERE table_schema = 'go-test' AND table_name = 'users' AND index_name = 'idx_users_delete_at'

2023/05/25 18:03:57 C:/Users/pan WIldcat/GolandProjects/Gin_Start/bootstrap/db.go:120
[0.000ms] [rows:-] SELECT DATABASE()

2023/05/25 18:03:57 C:/Users/pan WIldcat/GolandProjects/Gin_Start/bootstrap/db.go:120
[0.704ms] [rows:1] SELECT SCHEMA_NAME from Information_schema.SCHEMATA where SCHEMA_NAME LIKE 'go-test%' ORDER BY SCHEMA_NAME='go-test' DESC,SCHEMA_NAME limit 1

2023/05/25 18:03:57 C:/Users/pan WIldcat/GolandProjects/Gin_Start/bootstrap/db.go:120
[0.892ms] [rows:-] SELECT count(*) FROM information_schema.tables WHERE table_schema = 'go-test' AND table_name = 'users' AND table_type = 'BASE TABLE'

2023/05/25 18:03:57 C:/Users/pan WIldcat/GolandProjects/Gin_Start/bootstrap/db.go:120
[0.000ms] [rows:-] SELECT DATABASE()

2023/05/25 18:03:57 C:/Users/pan WIldcat/GolandProjects/Gin_Start/bootstrap/db.go:120
[0.655ms] [rows:1] SELECT SCHEMA_NAME from Information_schema.SCHEMATA where SCHEMA_NAME LIKE 'go-test%' ORDER BY SCHEMA_NAME='go-test' DESC,SCHEMA_NAME limit 1

2023/05/25 18:03:57 C:/Users/pan WIldcat/GolandProjects/Gin_Start/bootstrap/db.go:120
[0.000ms] [rows:-] SELECT * FROM `users` LIMIT 1

2023/05/25 18:03:57 C:/Users/pan WIldcat/GolandProjects/Gin_Start/bootstrap/db.go:120
[0.585ms] [rows:-] SELECT column_name, column_default, is_nullable = 'YES', data_type, character_maximum_length, column_type, column_key, extra, column_comment, numeric_precision, numeric_scale FROM information_schema.columns WHERE table_schema = 'go-test' AND table_name = 'users' ORDER BY ORDINAL_POSITION

2023/05/25 18:03:57 C:/Users/pan WIldcat/GolandProjects/Gin_Start/bootstrap/db.go:120
[0.000ms] [rows:-] SELECT DATABASE()

2023/05/25 18:03:57 C:/Users/pan WIldcat/GolandProjects/Gin_Start/bootstrap/db.go:120
[0.000ms] [rows:1] SELECT SCHEMA_NAME from Information_schema.SCHEMATA where SCHEMA_NAME LIKE 'go-test%' ORDER BY SCHEMA_NAME='go-test' DESC,SCHEMA_NAME limit 1

2023/05/25 18:03:57 C:/Users/pan WIldcat/GolandProjects/Gin_Start/bootstrap/db.go:120
[0.891ms] [rows:-] SELECT count(*) FROM information_schema.statistics WHERE table_schema = 'go-test' AND table_name = 'users' AND index_name = 'idx_users_mobile'

2023/05/25 18:03:57 C:/Users/pan WIldcat/GolandProjects/Gin_Start/bootstrap/db.go:120
[0.000ms] [rows:-] SELECT DATABASE()

2023/05/25 18:03:57 C:/Users/pan WIldcat/GolandProjects/Gin_Start/bootstrap/db.go:120
[0.564ms] [rows:1] SELECT SCHEMA_NAME from Information_schema.SCHEMATA where SCHEMA_NAME LIKE 'go-test%' ORDER BY SCHEMA_NAME='go-test' DESC,SCHEMA_NAME limit 1

2023/05/25 18:03:57 C:/Users/pan WIldcat/GolandProjects/Gin_Start/bootstrap/db.go:120
[0.511ms] [rows:-] SELECT count(*) FROM information_schema.statistics WHERE table_schema = 'go-test' AND table_name = 'users' AND index_name = 'idx_users_delete_at'

2023/05/25 22:38:02 C:/Users/pan WIldcat/GolandProjects/Gin_Start/bootstrap/db.go:120
[0.000ms] [rows:-] SELECT DATABASE()

2023/05/25 22:38:02 C:/Users/pan WIldcat/GolandProjects/Gin_Start/bootstrap/db.go:120
[3.621ms] [rows:1] SELECT SCHEMA_NAME from Information_schema.SCHEMATA where SCHEMA_NAME LIKE 'go-test%' ORDER BY SCHEMA_NAME='go-test' DESC,SCHEMA_NAME limit 1

2023/05/25 22:38:02 C:/Users/pan WIldcat/GolandProjects/Gin_Start/bootstrap/db.go:120
[1.808ms] [rows:-] SELECT count(*) FROM information_schema.tables WHERE table_schema = 'go-test' AND table_name = 'users' AND table_type = 'BASE TABLE'

2023/05/25 22:38:02 C:/Users/pan WIldcat/GolandProjects/Gin_Start/bootstrap/db.go:120
[0.000ms] [rows:-] SELECT DATABASE()

2023/05/25 22:38:02 C:/Users/pan WIldcat/GolandProjects/Gin_Start/bootstrap/db.go:120
[0.000ms] [rows:1] SELECT SCHEMA_NAME from Information_schema.SCHEMATA where SCHEMA_NAME LIKE 'go-test%' ORDER BY SCHEMA_NAME='go-test' DESC,SCHEMA_NAME limit 1

2023/05/25 22:38:02 C:/Users/pan WIldcat/GolandProjects/Gin_Start/bootstrap/db.go:120
[0.503ms] [rows:-] SELECT * FROM `users` LIMIT 1

2023/05/25 22:38:02 C:/Users/pan WIldcat/GolandProjects/Gin_Start/bootstrap/db.go:120
[1.095ms] [rows:-] SELECT column_name, column_default, is_nullable = 'YES', data_type, character_maximum_length, column_type, column_key, extra, column_comment, numeric_precision, numeric_scale FROM information_schema.columns WHERE table_schema = 'go-test' AND table_name = 'users' ORDER BY ORDINAL_POSITION

2023/05/25 22:38:02 C:/Users/pan WIldcat/GolandProjects/Gin_Start/bootstrap/db.go:120
[0.000ms] [rows:-] SELECT DATABASE()

2023/05/25 22:38:02 C:/Users/pan WIldcat/GolandProjects/Gin_Start/bootstrap/db.go:120
[0.000ms] [rows:1] SELECT SCHEMA_NAME from Information_schema.SCHEMATA where SCHEMA_NAME LIKE 'go-test%' ORDER BY SCHEMA_NAME='go-test' DESC,SCHEMA_NAME limit 1

2023/05/25 22:38:02 C:/Users/pan WIldcat/GolandProjects/Gin_Start/bootstrap/db.go:120
[0.000ms] [rows:-] SELECT count(*) FROM information_schema.statistics WHERE table_schema = 'go-test' AND table_name = 'users' AND index_name = 'idx_users_mobile'

2023/05/25 22:38:02 C:/Users/pan WIldcat/GolandProjects/Gin_Start/bootstrap/db.go:120
[1.006ms] [rows:-] SELECT DATABASE()

2023/05/25 22:38:02 C:/Users/pan WIldcat/GolandProjects/Gin_Start/bootstrap/db.go:120
[0.000ms] [rows:1] SELECT SCHEMA_NAME from Information_schema.SCHEMATA where SCHEMA_NAME LIKE 'go-test%' ORDER BY SCHEMA_NAME='go-test' DESC,SCHEMA_NAME limit 1

2023/05/25 22:38:02 C:/Users/pan WIldcat/GolandProjects/Gin_Start/bootstrap/db.go:120
[0.643ms] [rows:-] SELECT count(*) FROM information_schema.statistics WHERE table_schema = 'go-test' AND table_name = 'users' AND index_name = 'idx_users_delete_at'

2023/05/25 22:47:54 C:/Users/pan WIldcat/GolandProjects/Gin_Start/bootstrap/db.go:120
[0.466ms] [rows:-] SELECT DATABASE()

2023/05/25 22:47:54 C:/Users/pan WIldcat/GolandProjects/Gin_Start/bootstrap/db.go:120
[0.844ms] [rows:1] SELECT SCHEMA_NAME from Information_schema.SCHEMATA where SCHEMA_NAME LIKE 'go-test%' ORDER BY SCHEMA_NAME='go-test' DESC,SCHEMA_NAME limit 1

2023/05/25 22:47:54 C:/Users/pan WIldcat/GolandProjects/Gin_Start/bootstrap/db.go:120
[1.009ms] [rows:-] SELECT count(*) FROM information_schema.tables WHERE table_schema = 'go-test' AND table_name = 'users' AND table_type = 'BASE TABLE'

2023/05/25 22:47:54 C:/Users/pan WIldcat/GolandProjects/Gin_Start/bootstrap/db.go:120
[0.000ms] [rows:-] SELECT DATABASE()

2023/05/25 22:47:54 C:/Users/pan WIldcat/GolandProjects/Gin_Start/bootstrap/db.go:120
[0.601ms] [rows:1] SELECT SCHEMA_NAME from Information_schema.SCHEMATA where SCHEMA_NAME LIKE 'go-test%' ORDER BY SCHEMA_NAME='go-test' DESC,SCHEMA_NAME limit 1

2023/05/25 22:47:54 C:/Users/pan WIldcat/GolandProjects/Gin_Start/bootstrap/db.go:120
[0.000ms] [rows:-] SELECT * FROM `users` LIMIT 1

2023/05/25 22:47:54 C:/Users/pan WIldcat/GolandProjects/Gin_Start/bootstrap/db.go:120
[0.511ms] [rows:-] SELECT column_name, column_default, is_nullable = 'YES', data_type, character_maximum_length, column_type, column_key, extra, column_comment, numeric_precision, numeric_scale FROM information_schema.columns WHERE table_schema = 'go-test' AND table_name = 'users' ORDER BY ORDINAL_POSITION

2023/05/25 22:47:54 C:/Users/pan WIldcat/GolandProjects/Gin_Start/bootstrap/db.go:120
[0.539ms] [rows:-] SELECT DATABASE()

2023/05/25 22:47:54 C:/Users/pan WIldcat/GolandProjects/Gin_Start/bootstrap/db.go:120
[0.067ms] [rows:1] SELECT SCHEMA_NAME from Information_schema.SCHEMATA where SCHEMA_NAME LIKE 'go-test%' ORDER BY SCHEMA_NAME='go-test' DESC,SCHEMA_NAME limit 1

2023/05/25 22:47:54 C:/Users/pan WIldcat/GolandProjects/Gin_Start/bootstrap/db.go:120
[0.585ms] [rows:-] SELECT count(*) FROM information_schema.statistics WHERE table_schema = 'go-test' AND table_name = 'users' AND index_name = 'idx_users_mobile'

2023/05/25 22:47:54 C:/Users/pan WIldcat/GolandProjects/Gin_Start/bootstrap/db.go:120
[0.000ms] [rows:-] SELECT DATABASE()

2023/05/25 22:47:54 C:/Users/pan WIldcat/GolandProjects/Gin_Start/bootstrap/db.go:120
[0.516ms] [rows:1] SELECT SCHEMA_NAME from Information_schema.SCHEMATA where SCHEMA_NAME LIKE 'go-test%' ORDER BY SCHEMA_NAME='go-test' DESC,SCHEMA_NAME limit 1

2023/05/25 22:47:54 C:/Users/pan WIldcat/GolandProjects/Gin_Start/bootstrap/db.go:120
[0.000ms] [rows:-] SELECT count(*) FROM information_schema.statistics WHERE table_schema = 'go-test' AND table_name = 'users' AND index_name = 'idx_users_delete_at'

2023/05/25 22:55:12 C:/Users/pan WIldcat/GolandProjects/Gin_Start/bootstrap/db.go:120
[0.596ms] [rows:-] SELECT DATABASE()

2023/05/25 22:55:12 C:/Users/pan WIldcat/GolandProjects/Gin_Start/bootstrap/db.go:120
[1.030ms] [rows:1] SELECT SCHEMA_NAME from Information_schema.SCHEMATA where SCHEMA_NAME LIKE 'go-test%' ORDER BY SCHEMA_NAME='go-test' DESC,SCHEMA_NAME limit 1

2023/05/25 22:55:12 C:/Users/pan WIldcat/GolandProjects/Gin_Start/bootstrap/db.go:120
[1.060ms] [rows:-] SELECT count(*) FROM information_schema.tables WHERE table_schema = 'go-test' AND table_name = 'users' AND table_type = 'BASE TABLE'

2023/05/25 22:55:12 C:/Users/pan WIldcat/GolandProjects/Gin_Start/bootstrap/db.go:120
[0.000ms] [rows:-] SELECT DATABASE()

2023/05/25 22:55:12 C:/Users/pan WIldcat/GolandProjects/Gin_Start/bootstrap/db.go:120
[0.000ms] [rows:1] SELECT SCHEMA_NAME from Information_schema.SCHEMATA where SCHEMA_NAME LIKE 'go-test%' ORDER BY SCHEMA_NAME='go-test' DESC,SCHEMA_NAME limit 1

2023/05/25 22:55:12 C:/Users/pan WIldcat/GolandProjects/Gin_Start/bootstrap/db.go:120
[0.519ms] [rows:-] SELECT * FROM `users` LIMIT 1

2023/05/25 22:55:12 C:/Users/pan WIldcat/GolandProjects/Gin_Start/bootstrap/db.go:120
[0.511ms] [rows:-] SELECT column_name, column_default, is_nullable = 'YES', data_type, character_maximum_length, column_type, column_key, extra, column_comment, numeric_precision, numeric_scale FROM information_schema.columns WHERE table_schema = 'go-test' AND table_name = 'users' ORDER BY ORDINAL_POSITION

2023/05/25 22:55:12 C:/Users/pan WIldcat/GolandProjects/Gin_Start/bootstrap/db.go:120
[0.000ms] [rows:-] SELECT DATABASE()

2023/05/25 22:55:12 C:/Users/pan WIldcat/GolandProjects/Gin_Start/bootstrap/db.go:120
[0.000ms] [rows:1] SELECT SCHEMA_NAME from Information_schema.SCHEMATA where SCHEMA_NAME LIKE 'go-test%' ORDER BY SCHEMA_NAME='go-test' DESC,SCHEMA_NAME limit 1

2023/05/25 22:55:12 C:/Users/pan WIldcat/GolandProjects/Gin_Start/bootstrap/db.go:120
[0.532ms] [rows:-] SELECT count(*) FROM information_schema.statistics WHERE table_schema = 'go-test' AND table_name = 'users' AND index_name = 'idx_users_mobile'

2023/05/25 22:55:12 C:/Users/pan WIldcat/GolandProjects/Gin_Start/bootstrap/db.go:120
[0.000ms] [rows:-] SELECT DATABASE()

2023/05/25 22:55:12 C:/Users/pan WIldcat/GolandProjects/Gin_Start/bootstrap/db.go:120
[0.544ms] [rows:1] SELECT SCHEMA_NAME from Information_schema.SCHEMATA where SCHEMA_NAME LIKE 'go-test%' ORDER BY SCHEMA_NAME='go-test' DESC,SCHEMA_NAME limit 1

2023/05/25 22:55:12 C:/Users/pan WIldcat/GolandProjects/Gin_Start/bootstrap/db.go:120
[0.000ms] [rows:-] SELECT count(*) FROM information_schema.statistics WHERE table_schema = 'go-test' AND table_name = 'users' AND index_name = 'idx_users_delete_at'

2023/05/25 23:15:03 C:/Users/pan WIldcat/GolandProjects/Gin_Start/bootstrap/db.go:120
[0.000ms] [rows:-] SELECT DATABASE()

2023/05/25 23:15:03 C:/Users/pan WIldcat/GolandProjects/Gin_Start/bootstrap/db.go:120
[0.716ms] [rows:1] SELECT SCHEMA_NAME from Information_schema.SCHEMATA where SCHEMA_NAME LIKE 'go-test%' ORDER BY SCHEMA_NAME='go-test' DESC,SCHEMA_NAME limit 1

2023/05/25 23:15:03 C:/Users/pan WIldcat/GolandProjects/Gin_Start/bootstrap/db.go:120
[0.504ms] [rows:-] SELECT count(*) FROM information_schema.tables WHERE table_schema = 'go-test' AND table_name = 'users' AND table_type = 'BASE TABLE'

2023/05/25 23:15:03 C:/Users/pan WIldcat/GolandProjects/Gin_Start/bootstrap/db.go:120
[0.000ms] [rows:-] SELECT DATABASE()

2023/05/25 23:15:03 C:/Users/pan WIldcat/GolandProjects/Gin_Start/bootstrap/db.go:120
[0.000ms] [rows:1] SELECT SCHEMA_NAME from Information_schema.SCHEMATA where SCHEMA_NAME LIKE 'go-test%' ORDER BY SCHEMA_NAME='go-test' DESC,SCHEMA_NAME limit 1

2023/05/25 23:15:03 C:/Users/pan WIldcat/GolandProjects/Gin_Start/bootstrap/db.go:120
[0.000ms] [rows:-] SELECT * FROM `users` LIMIT 1

2023/05/25 23:15:03 C:/Users/pan WIldcat/GolandProjects/Gin_Start/bootstrap/db.go:120
[1.507ms] [rows:-] SELECT column_name, column_default, is_nullable = 'YES', data_type, character_maximum_length, column_type, column_key, extra, column_comment, numeric_precision, numeric_scale FROM information_schema.columns WHERE table_schema = 'go-test' AND table_name = 'users' ORDER BY ORDINAL_POSITION

2023/05/25 23:15:03 C:/Users/pan WIldcat/GolandProjects/Gin_Start/bootstrap/db.go:120
[0.000ms] [rows:-] SELECT DATABASE()

2023/05/25 23:15:03 C:/Users/pan WIldcat/GolandProjects/Gin_Start/bootstrap/db.go:120
[0.502ms] [rows:1] SELECT SCHEMA_NAME from Information_schema.SCHEMATA where SCHEMA_NAME LIKE 'go-test%' ORDER BY SCHEMA_NAME='go-test' DESC,SCHEMA_NAME limit 1

2023/05/25 23:15:03 C:/Users/pan WIldcat/GolandProjects/Gin_Start/bootstrap/db.go:120
[0.571ms] [rows:-] SELECT count(*) FROM information_schema.statistics WHERE table_schema = 'go-test' AND table_name = 'users' AND index_name = 'idx_users_mobile'

2023/05/25 23:15:03 C:/Users/pan WIldcat/GolandProjects/Gin_Start/bootstrap/db.go:120
[0.000ms] [rows:-] SELECT DATABASE()

2023/05/25 23:15:03 C:/Users/pan WIldcat/GolandProjects/Gin_Start/bootstrap/db.go:120
[0.502ms] [rows:1] SELECT SCHEMA_NAME from Information_schema.SCHEMATA where SCHEMA_NAME LIKE 'go-test%' ORDER BY SCHEMA_NAME='go-test' DESC,SCHEMA_NAME limit 1

2023/05/25 23:15:03 C:/Users/pan WIldcat/GolandProjects/Gin_Start/bootstrap/db.go:120
[0.600ms] [rows:-] SELECT count(*) FROM information_schema.statistics WHERE table_schema = 'go-test' AND table_name = 'users' AND index_name = 'idx_users_delete_at'

2023/05/25 23:16:09 C:/Users/pan WIldcat/GolandProjects/Gin_Start/bootstrap/db.go:120
[0.525ms] [rows:-] SELECT DATABASE()

2023/05/25 23:16:09 C:/Users/pan WIldcat/GolandProjects/Gin_Start/bootstrap/db.go:120
[0.786ms] [rows:1] SELECT SCHEMA_NAME from Information_schema.SCHEMATA where SCHEMA_NAME LIKE 'go-test%' ORDER BY SCHEMA_NAME='go-test' DESC,SCHEMA_NAME limit 1

2023/05/25 23:16:09 C:/Users/pan WIldcat/GolandProjects/Gin_Start/bootstrap/db.go:120
[0.684ms] [rows:-] SELECT count(*) FROM information_schema.tables WHERE table_schema = 'go-test' AND table_name = 'users' AND table_type = 'BASE TABLE'

2023/05/25 23:16:09 C:/Users/pan WIldcat/GolandProjects/Gin_Start/bootstrap/db.go:120
[0.000ms] [rows:-] SELECT DATABASE()

2023/05/25 23:16:09 C:/Users/pan WIldcat/GolandProjects/Gin_Start/bootstrap/db.go:120
[0.511ms] [rows:1] SELECT SCHEMA_NAME from Information_schema.SCHEMATA where SCHEMA_NAME LIKE 'go-test%' ORDER BY SCHEMA_NAME='go-test' DESC,SCHEMA_NAME limit 1

2023/05/25 23:16:09 C:/Users/pan WIldcat/GolandProjects/Gin_Start/bootstrap/db.go:120
[0.557ms] [rows:-] SELECT * FROM `users` LIMIT 1

2023/05/25 23:16:09 C:/Users/pan WIldcat/GolandProjects/Gin_Start/bootstrap/db.go:120
[0.547ms] [rows:-] SELECT column_name, column_default, is_nullable = 'YES', data_type, character_maximum_length, column_type, column_key, extra, column_comment, numeric_precision, numeric_scale FROM information_schema.columns WHERE table_schema = 'go-test' AND table_name = 'users' ORDER BY ORDINAL_POSITION

2023/05/25 23:16:09 C:/Users/pan WIldcat/GolandProjects/Gin_Start/bootstrap/db.go:120
[0.336ms] [rows:-] SELECT DATABASE()

2023/05/25 23:16:09 C:/Users/pan WIldcat/GolandProjects/Gin_Start/bootstrap/db.go:120
[0.000ms] [rows:1] SELECT SCHEMA_NAME from Information_schema.SCHEMATA where SCHEMA_NAME LIKE 'go-test%' ORDER BY SCHEMA_NAME='go-test' DESC,SCHEMA_NAME limit 1

2023/05/25 23:16:09 C:/Users/pan WIldcat/GolandProjects/Gin_Start/bootstrap/db.go:120
[0.994ms] [rows:-] SELECT count(*) FROM information_schema.statistics WHERE table_schema = 'go-test' AND table_name = 'users' AND index_name = 'idx_users_mobile'

2023/05/25 23:16:09 C:/Users/pan WIldcat/GolandProjects/Gin_Start/bootstrap/db.go:120
[0.000ms] [rows:-] SELECT DATABASE()

2023/05/25 23:16:09 C:/Users/pan WIldcat/GolandProjects/Gin_Start/bootstrap/db.go:120
[0.513ms] [rows:1] SELECT SCHEMA_NAME from Information_schema.SCHEMATA where SCHEMA_NAME LIKE 'go-test%' ORDER BY SCHEMA_NAME='go-test' DESC,SCHEMA_NAME limit 1

2023/05/25 23:16:09 C:/Users/pan WIldcat/GolandProjects/Gin_Start/bootstrap/db.go:120
[0.545ms] [rows:-] SELECT count(*) FROM information_schema.statistics WHERE table_schema = 'go-test' AND table_name = 'users' AND index_name = 'idx_users_delete_at'

2023/05/25 23:20:07 C:/Users/pan WIldcat/GolandProjects/Gin_Start/bootstrap/db.go:120
[0.000ms] [rows:-] SELECT DATABASE()

2023/05/25 23:20:07 C:/Users/pan WIldcat/GolandProjects/Gin_Start/bootstrap/db.go:120
[0.546ms] [rows:1] SELECT SCHEMA_NAME from Information_schema.SCHEMATA where SCHEMA_NAME LIKE 'go-test%' ORDER BY SCHEMA_NAME='go-test' DESC,SCHEMA_NAME limit 1

2023/05/25 23:20:07 C:/Users/pan WIldcat/GolandProjects/Gin_Start/bootstrap/db.go:120
[1.010ms] [rows:-] SELECT count(*) FROM information_schema.tables WHERE table_schema = 'go-test' AND table_name = 'users' AND table_type = 'BASE TABLE'

2023/05/25 23:20:07 C:/Users/pan WIldcat/GolandProjects/Gin_Start/bootstrap/db.go:120
[0.000ms] [rows:-] SELECT DATABASE()

2023/05/25 23:20:07 C:/Users/pan WIldcat/GolandProjects/Gin_Start/bootstrap/db.go:120
[0.648ms] [rows:1] SELECT SCHEMA_NAME from Information_schema.SCHEMATA where SCHEMA_NAME LIKE 'go-test%' ORDER BY SCHEMA_NAME='go-test' DESC,SCHEMA_NAME limit 1

2023/05/25 23:20:07 C:/Users/pan WIldcat/GolandProjects/Gin_Start/bootstrap/db.go:120
[0.000ms] [rows:-] SELECT * FROM `users` LIMIT 1

2023/05/25 23:20:07 C:/Users/pan WIldcat/GolandProjects/Gin_Start/bootstrap/db.go:120
[0.751ms] [rows:-] SELECT column_name, column_default, is_nullable = 'YES', data_type, character_maximum_length, column_type, column_key, extra, column_comment, numeric_precision, numeric_scale FROM information_schema.columns WHERE table_schema = 'go-test' AND table_name = 'users' ORDER BY ORDINAL_POSITION

2023/05/25 23:20:07 C:/Users/pan WIldcat/GolandProjects/Gin_Start/bootstrap/db.go:120
[0.000ms] [rows:-] SELECT DATABASE()

2023/05/25 23:20:07 C:/Users/pan WIldcat/GolandProjects/Gin_Start/bootstrap/db.go:120
[0.000ms] [rows:1] SELECT SCHEMA_NAME from Information_schema.SCHEMATA where SCHEMA_NAME LIKE 'go-test%' ORDER BY SCHEMA_NAME='go-test' DESC,SCHEMA_NAME limit 1

2023/05/25 23:20:07 C:/Users/pan WIldcat/GolandProjects/Gin_Start/bootstrap/db.go:120
[0.775ms] [rows:-] SELECT count(*) FROM information_schema.statistics WHERE table_schema = 'go-test' AND table_name = 'users' AND index_name = 'idx_users_mobile'

2023/05/25 23:20:07 C:/Users/pan WIldcat/GolandProjects/Gin_Start/bootstrap/db.go:120
[0.000ms] [rows:-] SELECT DATABASE()

2023/05/25 23:20:07 C:/Users/pan WIldcat/GolandProjects/Gin_Start/bootstrap/db.go:120
[0.566ms] [rows:1] SELECT SCHEMA_NAME from Information_schema.SCHEMATA where SCHEMA_NAME LIKE 'go-test%' ORDER BY SCHEMA_NAME='go-test' DESC,SCHEMA_NAME limit 1

2023/05/25 23:20:07 C:/Users/pan WIldcat/GolandProjects/Gin_Start/bootstrap/db.go:120
[0.504ms] [rows:-] SELECT count(*) FROM information_schema.statistics WHERE table_schema = 'go-test' AND table_name = 'users' AND index_name = 'idx_users_delete_at'

2023/05/25 23:22:48 C:/Users/pan WIldcat/GolandProjects/Gin_Start/bootstrap/db.go:120
[0.000ms] [rows:-] SELECT DATABASE()

2023/05/25 23:22:48 C:/Users/pan WIldcat/GolandProjects/Gin_Start/bootstrap/db.go:120
[1.019ms] [rows:1] SELECT SCHEMA_NAME from Information_schema.SCHEMATA where SCHEMA_NAME LIKE 'go-test%' ORDER BY SCHEMA_NAME='go-test' DESC,SCHEMA_NAME limit 1

2023/05/25 23:22:48 C:/Users/pan WIldcat/GolandProjects/Gin_Start/bootstrap/db.go:120
[0.782ms] [rows:-] SELECT count(*) FROM information_schema.tables WHERE table_schema = 'go-test' AND table_name = 'users' AND table_type = 'BASE TABLE'

2023/05/25 23:22:48 C:/Users/pan WIldcat/GolandProjects/Gin_Start/bootstrap/db.go:120
[0.000ms] [rows:-] SELECT DATABASE()

2023/05/25 23:22:48 C:/Users/pan WIldcat/GolandProjects/Gin_Start/bootstrap/db.go:120
[0.572ms] [rows:1] SELECT SCHEMA_NAME from Information_schema.SCHEMATA where SCHEMA_NAME LIKE 'go-test%' ORDER BY SCHEMA_NAME='go-test' DESC,SCHEMA_NAME limit 1

2023/05/25 23:22:48 C:/Users/pan WIldcat/GolandProjects/Gin_Start/bootstrap/db.go:120
[0.000ms] [rows:-] SELECT * FROM `users` LIMIT 1

2023/05/25 23:22:48 C:/Users/pan WIldcat/GolandProjects/Gin_Start/bootstrap/db.go:120
[0.707ms] [rows:-] SELECT column_name, column_default, is_nullable = 'YES', data_type, character_maximum_length, column_type, column_key, extra, column_comment, numeric_precision, numeric_scale FROM information_schema.columns WHERE table_schema = 'go-test' AND table_name = 'users' ORDER BY ORDINAL_POSITION

2023/05/25 23:22:48 C:/Users/pan WIldcat/GolandProjects/Gin_Start/bootstrap/db.go:120
[0.000ms] [rows:-] SELECT DATABASE()

2023/05/25 23:22:48 C:/Users/pan WIldcat/GolandProjects/Gin_Start/bootstrap/db.go:120
[0.610ms] [rows:1] SELECT SCHEMA_NAME from Information_schema.SCHEMATA where SCHEMA_NAME LIKE 'go-test%' ORDER BY SCHEMA_NAME='go-test' DESC,SCHEMA_NAME limit 1

2023/05/25 23:22:48 C:/Users/pan WIldcat/GolandProjects/Gin_Start/bootstrap/db.go:120
[0.631ms] [rows:-] SELECT count(*) FROM information_schema.statistics WHERE table_schema = 'go-test' AND table_name = 'users' AND index_name = 'idx_users_mobile'

2023/05/25 23:22:48 C:/Users/pan WIldcat/GolandProjects/Gin_Start/bootstrap/db.go:120
[0.000ms] [rows:-] SELECT DATABASE()

2023/05/25 23:22:48 C:/Users/pan WIldcat/GolandProjects/Gin_Start/bootstrap/db.go:120
[0.664ms] [rows:1] SELECT SCHEMA_NAME from Information_schema.SCHEMATA where SCHEMA_NAME LIKE 'go-test%' ORDER BY SCHEMA_NAME='go-test' DESC,SCHEMA_NAME limit 1

2023/05/25 23:22:48 C:/Users/pan WIldcat/GolandProjects/Gin_Start/bootstrap/db.go:120
[0.511ms] [rows:-] SELECT count(*) FROM information_schema.statistics WHERE table_schema = 'go-test' AND table_name = 'users' AND index_name = 'idx_users_delete_at'

2023/05/25 23:25:17 C:/Users/pan WIldcat/GolandProjects/Gin_Start/bootstrap/db.go:120
[0.000ms] [rows:-] SELECT DATABASE()

2023/05/25 23:25:17 C:/Users/pan WIldcat/GolandProjects/Gin_Start/bootstrap/db.go:120
[1.314ms] [rows:1] SELECT SCHEMA_NAME from Information_schema.SCHEMATA where SCHEMA_NAME LIKE 'go-test%' ORDER BY SCHEMA_NAME='go-test' DESC,SCHEMA_NAME limit 1

2023/05/25 23:25:17 C:/Users/pan WIldcat/GolandProjects/Gin_Start/bootstrap/db.go:120
[1.045ms] [rows:-] SELECT count(*) FROM information_schema.tables WHERE table_schema = 'go-test' AND table_name = 'users' AND table_type = 'BASE TABLE'

2023/05/25 23:25:17 C:/Users/pan WIldcat/GolandProjects/Gin_Start/bootstrap/db.go:120
[0.000ms] [rows:-] SELECT DATABASE()

2023/05/25 23:25:17 C:/Users/pan WIldcat/GolandProjects/Gin_Start/bootstrap/db.go:120
[0.509ms] [rows:1] SELECT SCHEMA_NAME from Information_schema.SCHEMATA where SCHEMA_NAME LIKE 'go-test%' ORDER BY SCHEMA_NAME='go-test' DESC,SCHEMA_NAME limit 1

2023/05/25 23:25:17 C:/Users/pan WIldcat/GolandProjects/Gin_Start/bootstrap/db.go:120
[0.000ms] [rows:-] SELECT * FROM `users` LIMIT 1

2023/05/25 23:25:17 C:/Users/pan WIldcat/GolandProjects/Gin_Start/bootstrap/db.go:120
[0.917ms] [rows:-] SELECT column_name, column_default, is_nullable = 'YES', data_type, character_maximum_length, column_type, column_key, extra, column_comment, numeric_precision, numeric_scale FROM information_schema.columns WHERE table_schema = 'go-test' AND table_name = 'users' ORDER BY ORDINAL_POSITION

2023/05/25 23:25:17 C:/Users/pan WIldcat/GolandProjects/Gin_Start/bootstrap/db.go:120
[0.000ms] [rows:-] SELECT DATABASE()

2023/05/25 23:25:17 C:/Users/pan WIldcat/GolandProjects/Gin_Start/bootstrap/db.go:120
[0.000ms] [rows:1] SELECT SCHEMA_NAME from Information_schema.SCHEMATA where SCHEMA_NAME LIKE 'go-test%' ORDER BY SCHEMA_NAME='go-test' DESC,SCHEMA_NAME limit 1

2023/05/25 23:25:17 C:/Users/pan WIldcat/GolandProjects/Gin_Start/bootstrap/db.go:120
[0.963ms] [rows:-] SELECT count(*) FROM information_schema.statistics WHERE table_schema = 'go-test' AND table_name = 'users' AND index_name = 'idx_users_mobile'

2023/05/25 23:25:17 C:/Users/pan WIldcat/GolandProjects/Gin_Start/bootstrap/db.go:120
[0.000ms] [rows:-] SELECT DATABASE()

2023/05/25 23:25:17 C:/Users/pan WIldcat/GolandProjects/Gin_Start/bootstrap/db.go:120
[0.598ms] [rows:1] SELECT SCHEMA_NAME from Information_schema.SCHEMATA where SCHEMA_NAME LIKE 'go-test%' ORDER BY SCHEMA_NAME='go-test' DESC,SCHEMA_NAME limit 1

2023/05/25 23:25:17 C:/Users/pan WIldcat/GolandProjects/Gin_Start/bootstrap/db.go:120
[0.630ms] [rows:-] SELECT count(*) FROM information_schema.statistics WHERE table_schema = 'go-test' AND table_name = 'users' AND index_name = 'idx_users_delete_at'

2023/05/25 23:27:36 C:/Users/pan WIldcat/GolandProjects/Gin_Start/bootstrap/db.go:120
[0.509ms] [rows:-] SELECT DATABASE()

2023/05/25 23:27:36 C:/Users/pan WIldcat/GolandProjects/Gin_Start/bootstrap/db.go:120
[0.624ms] [rows:1] SELECT SCHEMA_NAME from Information_schema.SCHEMATA where SCHEMA_NAME LIKE 'go-test%' ORDER BY SCHEMA_NAME='go-test' DESC,SCHEMA_NAME limit 1

2023/05/25 23:27:36 C:/Users/pan WIldcat/GolandProjects/Gin_Start/bootstrap/db.go:120
[0.836ms] [rows:-] SELECT count(*) FROM information_schema.tables WHERE table_schema = 'go-test' AND table_name = 'users' AND table_type = 'BASE TABLE'

2023/05/25 23:27:36 C:/Users/pan WIldcat/GolandProjects/Gin_Start/bootstrap/db.go:120
[0.000ms] [rows:-] SELECT DATABASE()

2023/05/25 23:27:36 C:/Users/pan WIldcat/GolandProjects/Gin_Start/bootstrap/db.go:120
[0.519ms] [rows:1] SELECT SCHEMA_NAME from Information_schema.SCHEMATA where SCHEMA_NAME LIKE 'go-test%' ORDER BY SCHEMA_NAME='go-test' DESC,SCHEMA_NAME limit 1

2023/05/25 23:27:36 C:/Users/pan WIldcat/GolandProjects/Gin_Start/bootstrap/db.go:120
[0.516ms] [rows:-] SELECT * FROM `users` LIMIT 1

2023/05/25 23:27:36 C:/Users/pan WIldcat/GolandProjects/Gin_Start/bootstrap/db.go:120
[0.511ms] [rows:-] SELECT column_name, column_default, is_nullable = 'YES', data_type, character_maximum_length, column_type, column_key, extra, column_comment, numeric_precision, numeric_scale FROM information_schema.columns WHERE table_schema = 'go-test' AND table_name = 'users' ORDER BY ORDINAL_POSITION

2023/05/25 23:27:36 C:/Users/pan WIldcat/GolandProjects/Gin_Start/bootstrap/db.go:120
[0.000ms] [rows:-] SELECT DATABASE()

2023/05/25 23:27:36 C:/Users/pan WIldcat/GolandProjects/Gin_Start/bootstrap/db.go:120
[0.503ms] [rows:1] SELECT SCHEMA_NAME from Information_schema.SCHEMATA where SCHEMA_NAME LIKE 'go-test%' ORDER BY SCHEMA_NAME='go-test' DESC,SCHEMA_NAME limit 1

2023/05/25 23:27:36 C:/Users/pan WIldcat/GolandProjects/Gin_Start/bootstrap/db.go:120
[0.395ms] [rows:-] SELECT count(*) FROM information_schema.statistics WHERE table_schema = 'go-test' AND table_name = 'users' AND index_name = 'idx_users_mobile'

2023/05/25 23:27:36 C:/Users/pan WIldcat/GolandProjects/Gin_Start/bootstrap/db.go:120
[0.000ms] [rows:-] SELECT DATABASE()

2023/05/25 23:27:36 C:/Users/pan WIldcat/GolandProjects/Gin_Start/bootstrap/db.go:120
[0.513ms] [rows:1] SELECT SCHEMA_NAME from Information_schema.SCHEMATA where SCHEMA_NAME LIKE 'go-test%' ORDER BY SCHEMA_NAME='go-test' DESC,SCHEMA_NAME limit 1

2023/05/25 23:27:36 C:/Users/pan WIldcat/GolandProjects/Gin_Start/bootstrap/db.go:120
[0.619ms] [rows:-] SELECT count(*) FROM information_schema.statistics WHERE table_schema = 'go-test' AND table_name = 'users' AND index_name = 'idx_users_delete_at'

2023/05/25 23:29:00 C:/Users/pan WIldcat/GolandProjects/Gin_Start/bootstrap/db.go:120
[0.000ms] [rows:-] SELECT DATABASE()

2023/05/25 23:29:00 C:/Users/pan WIldcat/GolandProjects/Gin_Start/bootstrap/db.go:120
[1.841ms] [rows:1] SELECT SCHEMA_NAME from Information_schema.SCHEMATA where SCHEMA_NAME LIKE 'go-test%' ORDER BY SCHEMA_NAME='go-test' DESC,SCHEMA_NAME limit 1

2023/05/25 23:29:00 C:/Users/pan WIldcat/GolandProjects/Gin_Start/bootstrap/db.go:120
[1.189ms] [rows:-] SELECT count(*) FROM information_schema.tables WHERE table_schema = 'go-test' AND table_name = 'users' AND table_type = 'BASE TABLE'

2023/05/25 23:29:00 C:/Users/pan WIldcat/GolandProjects/Gin_Start/bootstrap/db.go:120
[0.514ms] [rows:-] SELECT DATABASE()

2023/05/25 23:29:00 C:/Users/pan WIldcat/GolandProjects/Gin_Start/bootstrap/db.go:120
[1.028ms] [rows:1] SELECT SCHEMA_NAME from Information_schema.SCHEMATA where SCHEMA_NAME LIKE 'go-test%' ORDER BY SCHEMA_NAME='go-test' DESC,SCHEMA_NAME limit 1

2023/05/25 23:29:00 C:/Users/pan WIldcat/GolandProjects/Gin_Start/bootstrap/db.go:120
[0.514ms] [rows:-] SELECT * FROM `users` LIMIT 1

2023/05/25 23:29:00 C:/Users/pan WIldcat/GolandProjects/Gin_Start/bootstrap/db.go:120
[1.498ms] [rows:-] SELECT column_name, column_default, is_nullable = 'YES', data_type, character_maximum_length, column_type, column_key, extra, column_comment, numeric_precision, numeric_scale FROM information_schema.columns WHERE table_schema = 'go-test' AND table_name = 'users' ORDER BY ORDINAL_POSITION

2023/05/25 23:29:00 C:/Users/pan WIldcat/GolandProjects/Gin_Start/bootstrap/db.go:120
[0.000ms] [rows:-] SELECT DATABASE()

2023/05/25 23:29:00 C:/Users/pan WIldcat/GolandProjects/Gin_Start/bootstrap/db.go:120
[0.377ms] [rows:1] SELECT SCHEMA_NAME from Information_schema.SCHEMATA where SCHEMA_NAME LIKE 'go-test%' ORDER BY SCHEMA_NAME='go-test' DESC,SCHEMA_NAME limit 1

2023/05/25 23:29:00 C:/Users/pan WIldcat/GolandProjects/Gin_Start/bootstrap/db.go:120
[1.355ms] [rows:-] SELECT count(*) FROM information_schema.statistics WHERE table_schema = 'go-test' AND table_name = 'users' AND index_name = 'idx_users_mobile'

2023/05/25 23:29:00 C:/Users/pan WIldcat/GolandProjects/Gin_Start/bootstrap/db.go:120
[0.514ms] [rows:-] SELECT DATABASE()

2023/05/25 23:29:00 C:/Users/pan WIldcat/GolandProjects/Gin_Start/bootstrap/db.go:120
[0.000ms] [rows:1] SELECT SCHEMA_NAME from Information_schema.SCHEMATA where SCHEMA_NAME LIKE 'go-test%' ORDER BY SCHEMA_NAME='go-test' DESC,SCHEMA_NAME limit 1

2023/05/25 23:29:00 C:/Users/pan WIldcat/GolandProjects/Gin_Start/bootstrap/db.go:120
[1.626ms] [rows:-] SELECT count(*) FROM information_schema.statistics WHERE table_schema = 'go-test' AND table_name = 'users' AND index_name = 'idx_users_delete_at'

2023/05/25 23:31:31 C:/Users/pan WIldcat/GolandProjects/Gin_Start/bootstrap/db.go:120
[0.000ms] [rows:-] SELECT DATABASE()

2023/05/25 23:31:31 C:/Users/pan WIldcat/GolandProjects/Gin_Start/bootstrap/db.go:120
[1.828ms] [rows:1] SELECT SCHEMA_NAME from Information_schema.SCHEMATA where SCHEMA_NAME LIKE 'go-test%' ORDER BY SCHEMA_NAME='go-test' DESC,SCHEMA_NAME limit 1

2023/05/25 23:31:31 C:/Users/pan WIldcat/GolandProjects/Gin_Start/bootstrap/db.go:120
[1.236ms] [rows:-] SELECT count(*) FROM information_schema.tables WHERE table_schema = 'go-test' AND table_name = 'users' AND table_type = 'BASE TABLE'

2023/05/25 23:31:31 C:/Users/pan WIldcat/GolandProjects/Gin_Start/bootstrap/db.go:120
[0.000ms] [rows:-] SELECT DATABASE()

2023/05/25 23:31:31 C:/Users/pan WIldcat/GolandProjects/Gin_Start/bootstrap/db.go:120
[1.228ms] [rows:1] SELECT SCHEMA_NAME from Information_schema.SCHEMATA where SCHEMA_NAME LIKE 'go-test%' ORDER BY SCHEMA_NAME='go-test' DESC,SCHEMA_NAME limit 1

2023/05/25 23:31:31 C:/Users/pan WIldcat/GolandProjects/Gin_Start/bootstrap/db.go:120
[0.522ms] [rows:-] SELECT * FROM `users` LIMIT 1

2023/05/25 23:31:31 C:/Users/pan WIldcat/GolandProjects/Gin_Start/bootstrap/db.go:120
[1.545ms] [rows:-] SELECT column_name, column_default, is_nullable = 'YES', data_type, character_maximum_length, column_type, column_key, extra, column_comment, numeric_precision, numeric_scale FROM information_schema.columns WHERE table_schema = 'go-test' AND table_name = 'users' ORDER BY ORDINAL_POSITION

2023/05/25 23:31:31 C:/Users/pan WIldcat/GolandProjects/Gin_Start/bootstrap/db.go:120
[0.000ms] [rows:-] SELECT DATABASE()

2023/05/25 23:31:31 C:/Users/pan WIldcat/GolandProjects/Gin_Start/bootstrap/db.go:120
[0.859ms] [rows:1] SELECT SCHEMA_NAME from Information_schema.SCHEMATA where SCHEMA_NAME LIKE 'go-test%' ORDER BY SCHEMA_NAME='go-test' DESC,SCHEMA_NAME limit 1

2023/05/25 23:31:31 C:/Users/pan WIldcat/GolandProjects/Gin_Start/bootstrap/db.go:120
[1.212ms] [rows:-] SELECT count(*) FROM information_schema.statistics WHERE table_schema = 'go-test' AND table_name = 'users' AND index_name = 'idx_users_mobile'

2023/05/25 23:31:31 C:/Users/pan WIldcat/GolandProjects/Gin_Start/bootstrap/db.go:120
[0.000ms] [rows:-] SELECT DATABASE()

2023/05/25 23:31:31 C:/Users/pan WIldcat/GolandProjects/Gin_Start/bootstrap/db.go:120
[0.560ms] [rows:1] SELECT SCHEMA_NAME from Information_schema.SCHEMATA where SCHEMA_NAME LIKE 'go-test%' ORDER BY SCHEMA_NAME='go-test' DESC,SCHEMA_NAME limit 1

2023/05/25 23:31:31 C:/Users/pan WIldcat/GolandProjects/Gin_Start/bootstrap/db.go:120
[1.361ms] [rows:-] SELECT count(*) FROM information_schema.statistics WHERE table_schema = 'go-test' AND table_name = 'users' AND index_name = 'idx_users_delete_at'
